<?xml version="1.0" encoding="UTF-8"?>
<!-- Generated by org.testng.reporters.JUnitXMLReporter -->
<testsuite hostname="AIPL-PUN-LT-081" ignored="1" name="Hub Spot Functional Regression Test - FF" tests="8" failures="0" timestamp="12 May 2020 16:50:54 GMT" time="33.703" errors="0">
  <testcase name="verifyForgotPasswordLinkText" time="5.122" classname="com.qa.hubspot.tests.LoginPageTest"/>
  <testcase name="verifyShowPassowordLinkText" time="0.06" classname="com.qa.hubspot.tests.LoginPageTest"/>
  <testcase name="verifyLoginPageTitleTest" time="0.023" classname="com.qa.hubspot.tests.LoginPageTest"/>
  <testcase name="verifyHomePageTitleTest" time="0.029" classname="com.qa.hubspot.tests.HomePageTest"/>
  <testcase name="signUpLinkTest" time="0.09" classname="com.qa.hubspot.tests.LoginPageTest"/>
  <testcase name="verifyHomePageHeaderTest" time="0.125" classname="com.qa.hubspot.tests.HomePageTest"/>
  <testcase name="getLoggedInUserTest" time="0.193" classname="com.qa.hubspot.tests.HomePageTest"/>
  <testcase name="loginTest" time="4.998" classname="com.qa.hubspot.tests.LoginPageTest"/>
  <testcase name="login_InvalidTestCases" time="0.0" classname="com.qa.hubspot.tests.LoginPageTest">
    <ignored/>
  </testcase> <!-- login_InvalidTestCases -->
</testsuite> <!-- Hub Spot Functional Regression Test - FF -->
