<?xml version="1.0" encoding="UTF-8"?>
<!-- Generated by org.testng.reporters.JUnitXMLReporter -->
<testsuite hostname="AIPL-PUN-LT-081" ignored="1" name="Hub Spot Functional Regression Test - chrome" tests="8" failures="0" timestamp="12 May 2020 16:50:57 GMT" time="36.097" errors="0">
  <testcase name="verifyShowPassowordLinkText" time="6.87" classname="com.qa.hubspot.tests.LoginPageTest"/>
  <testcase name="verifyForgotPasswordLinkText" time="6.887" classname="com.qa.hubspot.tests.LoginPageTest"/>
  <testcase name="verifyHomePageTitleTest" time="0.017" classname="com.qa.hubspot.tests.HomePageTest"/>
  <testcase name="verifyLoginPageTitleTest" time="0.028" classname="com.qa.hubspot.tests.LoginPageTest"/>
  <testcase name="signUpLinkTest" time="0.083" classname="com.qa.hubspot.tests.LoginPageTest"/>
  <testcase name="verifyHomePageHeaderTest" time="0.124" classname="com.qa.hubspot.tests.HomePageTest"/>
  <testcase name="getLoggedInUserTest" time="0.173" classname="com.qa.hubspot.tests.HomePageTest"/>
  <testcase name="loginTest" time="5.367" classname="com.qa.hubspot.tests.LoginPageTest"/>
  <testcase name="login_InvalidTestCases" time="0.0" classname="com.qa.hubspot.tests.LoginPageTest">
    <ignored/>
  </testcase> <!-- login_InvalidTestCases -->
</testsuite> <!-- Hub Spot Functional Regression Test - chrome -->
