<?xml version="1.0" encoding="UTF-8"?>
<!-- Generated by org.testng.reporters.JUnitXMLReporter -->
<testsuite hostname="AIPL-PUN-LT-081" ignored="1" name="Hub Spot Functional Regression Test" tests="1" failures="1" timestamp="13 May 2020 16:59:55 GMT" time="24.754" errors="0">
  <testcase name="verifyContactsPageTitle" time="0.484" classname="com.qa.hubspot.tests.ContactsPageTest">
    <failure type="java.lang.AssertionError" message="expected [Contacts1] but found [Contacts]">
      <![CDATA[java.lang.AssertionError: expected [Contacts1] but found [Contacts]
at com.qa.hubspot.tests.ContactsPageTest.verifyContactsPageTitle(ContactsPageTest.java:50)
... Removed 31 stack frames]]>
    </failure>
  </testcase> <!-- verifyContactsPageTitle -->
  <testcase name="createContactsTest" time="0.0" classname="com.qa.hubspot.tests.ContactsPageTest">
    <ignored/>
  </testcase> <!-- createContactsTest -->
</testsuite> <!-- Hub Spot Functional Regression Test -->
