<?xml version="1.0" encoding="UTF-8"?>
<!-- Generated by org.testng.reporters.JUnitXMLReporter -->
<testsuite hostname="AIPL-PUN-LT-081" ignored="1" name="Hub Spot Functional Regression Test - FF" tests="8" failures="0" timestamp="12 May 2020 16:31:21 GMT" time="35.069" errors="0">
  <testcase name="verifyForgotPasswordLinkText" time="5.07" classname="com.qa.hubspot.tests.LoginPageTest"/>
  <testcase name="verifyShowPassowordLinkText" time="5.116" classname="com.qa.hubspot.tests.LoginPageTest"/>
  <testcase name="verifyLoginPageTitleTest" time="0.021" classname="com.qa.hubspot.tests.LoginPageTest"/>
  <testcase name="verifyHomePageTitleTest" time="0.111" classname="com.qa.hubspot.tests.HomePageTest"/>
  <testcase name="verifyHomePageHeaderTest" time="0.27" classname="com.qa.hubspot.tests.HomePageTest"/>
  <testcase name="signUpLinkTest" time="0.307" classname="com.qa.hubspot.tests.LoginPageTest"/>
  <testcase name="getLoggedInUserTest" time="0.407" classname="com.qa.hubspot.tests.HomePageTest"/>
  <testcase name="loginTest" time="4.992" classname="com.qa.hubspot.tests.LoginPageTest"/>
  <testcase name="login_InvalidTestCases" time="0.0" classname="com.qa.hubspot.tests.LoginPageTest">
    <ignored/>
  </testcase> <!-- login_InvalidTestCases -->
</testsuite> <!-- Hub Spot Functional Regression Test - FF -->
