<?xml version="1.0" encoding="UTF-8"?>
<!-- Generated by org.testng.reporters.JUnitXMLReporter -->
<testsuite hostname="AIPL-PUN-LT-081" ignored="0" name="Default test" tests="3" failures="0" timestamp="13 May 2020 16:27:21 GMT" time="19.263" errors="0">
  <testcase name="verifyHomePageTitleTest" time="3.258" classname="com.qa.hubspot.tests.HomePageTest"/>
  <testcase name="verifyHomePageHeaderTest" time="1.224" classname="com.qa.hubspot.tests.HomePageTest"/>
  <testcase name="getLoggedInUserTest" time="0.216" classname="com.qa.hubspot.tests.HomePageTest"/>
</testsuite> <!-- Default test -->
