<?xml version="1.0" encoding="UTF-8" ?>
<testsuite tests="6" failures="0" name="TestSuite" time="15.842" errors="0" skipped="0">
  <properties>
[...]
</properties>
  <testcase classname="com.qa.hubspot.tests.HomePageTest" name="verifyHomePageTitleTest" time="0.052"/>
  <testcase classname="com.qa.hubspot.tests.HomePageTest" name="verifyHomePageHeaderTest" time="0.681"/>
  <testcase classname="com.qa.hubspot.tests.HomePageTest" name="getLoggedInUserTest" time="1.408"/>
  <testcase classname="com.qa.hubspot.tests.LoginPageTest" name="verifyLoginPageTitleTest" time="2.915"/>
  <testcase classname="com.qa.hubspot.tests.LoginPageTest" name="signUpLinkTest" time="0.939"/>
  <testcase classname="com.qa.hubspot.tests.LoginPageTest" name="loginTest" time="9.847"/>
</testsuite>