<?xml version="1.0" encoding="UTF-8"?>
<testng-results skipped="0" failed="0" ignored="2" total="11" passed="9">
  <reporter-output>
  </reporter-output>
  <suite name="Hub Spot Regression Suite" duration-ms="50269" started-at="2020-05-13T16:28:26Z" finished-at="2020-05-13T16:29:16Z">
    <groups>
    </groups>
    <test name="Hub Spot Functional Regression Test" duration-ms="50269" started-at="2020-05-13T16:28:26Z" finished-at="2020-05-13T16:29:16Z">
      <class name="com.qa.hubspot.tests.LoginPageTest">
        <test-method status="PASS" signature="verifyForgotPasswordLinkText()[pri:0, instance:com.qa.hubspot.tests.LoginPageTest@4f8caaf3]" name="verifyForgotPasswordLinkText" duration-ms="5473" started-at="2020-05-13T16:28:46Z" finished-at="2020-05-13T16:28:51Z">
          <reporter-output>
          </reporter-output>
        </test-method> <!-- verifyForgotPasswordLinkText -->
        <test-method status="PASS" signature="verifyShowPassowordLinkText()[pri:0, instance:com.qa.hubspot.tests.LoginPageTest@4f8caaf3]" name="verifyShowPassowordLinkText" duration-ms="93" started-at="2020-05-13T16:28:51Z" finished-at="2020-05-13T16:28:52Z">
          <reporter-output>
          </reporter-output>
        </test-method> <!-- verifyShowPassowordLinkText -->
        <test-method status="PASS" signature="verifyLoginPageTitleTest()[pri:1, instance:com.qa.hubspot.tests.LoginPageTest@4f8caaf3]" name="verifyLoginPageTitleTest" duration-ms="17" started-at="2020-05-13T16:28:52Z" description="verify login page title test........" finished-at="2020-05-13T16:28:52Z">
          <reporter-output>
          </reporter-output>
        </test-method> <!-- verifyLoginPageTitleTest -->
        <test-method status="PASS" signature="signUpLinkTest()[pri:2, instance:com.qa.hubspot.tests.LoginPageTest@4f8caaf3]" name="signUpLinkTest" duration-ms="125" started-at="2020-05-13T16:29:10Z" finished-at="2020-05-13T16:29:10Z">
          <reporter-output>
          </reporter-output>
        </test-method> <!-- signUpLinkTest -->
        <test-method status="PASS" signature="loginTest()[pri:3, instance:com.qa.hubspot.tests.LoginPageTest@4f8caaf3]" name="loginTest" duration-ms="4643" started-at="2020-05-13T16:29:10Z" finished-at="2020-05-13T16:29:14Z">
          <reporter-output>
          </reporter-output>
        </test-method> <!-- loginTest -->
      </class> <!-- com.qa.hubspot.tests.LoginPageTest -->
      <class name="com.qa.hubspot.tests.ContactsPageTest">
        <test-method status="PASS" signature="setUp()[pri:0, instance:com.qa.hubspot.tests.ContactsPageTest@15b986cd]" name="setUp" is-config="true" duration-ms="16599" started-at="2020-05-13T16:28:52Z" finished-at="2020-05-13T16:29:08Z">
          <reporter-output>
          </reporter-output>
        </test-method> <!-- setUp -->
        <test-method status="PASS" signature="verifyContactsPageTitle()[pri:1, instance:com.qa.hubspot.tests.ContactsPageTest@15b986cd]" name="verifyContactsPageTitle" duration-ms="533" started-at="2020-05-13T16:29:08Z" finished-at="2020-05-13T16:29:09Z">
          <reporter-output>
          </reporter-output>
        </test-method> <!-- verifyContactsPageTitle -->
        <test-method status="PASS" signature="tearDown()[pri:0, instance:com.qa.hubspot.tests.ContactsPageTest@15b986cd]" name="tearDown" is-config="true" duration-ms="717" started-at="2020-05-13T16:29:09Z" finished-at="2020-05-13T16:29:09Z">
          <reporter-output>
          </reporter-output>
        </test-method> <!-- tearDown -->
      </class> <!-- com.qa.hubspot.tests.ContactsPageTest -->
      <class name="com.qa.hubspot.tests.HomePageTest">
        <test-method status="PASS" signature="setUp(java.lang.String)[pri:0, instance:com.qa.hubspot.tests.HomePageTest@2b50150]" name="setUp" is-config="true" duration-ms="13830" started-at="2020-05-13T16:28:26Z" finished-at="2020-05-13T16:28:40Z">
          <params>
            <param index="0">
              <value is-null="true"/>
            </param>
          </params>
          <reporter-output>
          </reporter-output>
        </test-method> <!-- setUp -->
        <test-method status="PASS" signature="setUp(java.lang.String)[pri:0, instance:com.qa.hubspot.tests.LoginPageTest@4f8caaf3]" name="setUp" is-config="true" duration-ms="6232" started-at="2020-05-13T16:28:40Z" finished-at="2020-05-13T16:28:46Z">
          <params>
            <param index="0">
              <value is-null="true"/>
            </param>
          </params>
          <reporter-output>
          </reporter-output>
        </test-method> <!-- setUp -->
        <test-method status="PASS" signature="verifyHomePageTitleTest()[pri:1, instance:com.qa.hubspot.tests.HomePageTest@2b50150]" name="verifyHomePageTitleTest" duration-ms="19" started-at="2020-05-13T16:28:52Z" finished-at="2020-05-13T16:28:52Z">
          <reporter-output>
          </reporter-output>
        </test-method> <!-- verifyHomePageTitleTest -->
        <test-method status="PASS" signature="verifyHomePageHeaderTest()[pri:2, instance:com.qa.hubspot.tests.HomePageTest@2b50150]" name="verifyHomePageHeaderTest" duration-ms="115" started-at="2020-05-13T16:29:10Z" finished-at="2020-05-13T16:29:10Z">
          <reporter-output>
          </reporter-output>
        </test-method> <!-- verifyHomePageHeaderTest -->
        <test-method status="PASS" signature="getLoggedInUserTest()[pri:3, instance:com.qa.hubspot.tests.HomePageTest@2b50150]" name="getLoggedInUserTest" duration-ms="151" started-at="2020-05-13T16:29:14Z" finished-at="2020-05-13T16:29:15Z">
          <reporter-output>
          </reporter-output>
        </test-method> <!-- getLoggedInUserTest -->
        <test-method status="PASS" signature="tearDown()[pri:0, instance:com.qa.hubspot.tests.HomePageTest@2b50150]" name="tearDown" is-config="true" duration-ms="687" started-at="2020-05-13T16:29:15Z" finished-at="2020-05-13T16:29:15Z">
          <reporter-output>
          </reporter-output>
        </test-method> <!-- tearDown -->
        <test-method status="PASS" signature="tearDown()[pri:0, instance:com.qa.hubspot.tests.LoginPageTest@4f8caaf3]" name="tearDown" is-config="true" duration-ms="658" started-at="2020-05-13T16:29:15Z" finished-at="2020-05-13T16:29:16Z">
          <reporter-output>
          </reporter-output>
        </test-method> <!-- tearDown -->
      </class> <!-- com.qa.hubspot.tests.HomePageTest -->
    </test> <!-- Hub Spot Functional Regression Test -->
  </suite> <!-- Hub Spot Regression Suite -->
</testng-results>
