<?xml version="1.0" encoding="UTF-8"?>
<testng-results skipped="0" failed="0" ignored="2" total="18" passed="16">
  <reporter-output>
  </reporter-output>
  <suite name="Hub Spot Regression Suite" duration-ms="35069" started-at="2020-05-12T16:30:46Z" finished-at="2020-05-12T16:31:21Z">
    <groups>
    </groups>
    <test name="Hub Spot Functional Regression Test - chrome" duration-ms="34662" started-at="2020-05-12T16:30:46Z" finished-at="2020-05-12T16:31:21Z">
      <class name="com.qa.hubspot.tests.LoginPageTest">
        <test-method status="PASS" signature="verifyForgotPasswordLinkText()[pri:0, instance:com.qa.hubspot.tests.LoginPageTest@3ecedf21]" name="verifyForgotPasswordLinkText" duration-ms="5897" started-at="2020-05-12T16:31:07Z" finished-at="2020-05-12T16:31:13Z">
          <reporter-output>
          </reporter-output>
        </test-method> <!-- verifyForgotPasswordLinkText -->
        <test-method status="PASS" signature="verifyShowPassowordLinkText()[pri:0, instance:com.qa.hubspot.tests.LoginPageTest@3ecedf21]" name="verifyShowPassowordLinkText" duration-ms="5968" started-at="2020-05-12T16:31:07Z" finished-at="2020-05-12T16:31:13Z">
          <reporter-output>
          </reporter-output>
        </test-method> <!-- verifyShowPassowordLinkText -->
        <test-method status="PASS" signature="verifyLoginPageTitleTest()[pri:1, instance:com.qa.hubspot.tests.LoginPageTest@3ecedf21]" name="verifyLoginPageTitleTest" duration-ms="31" started-at="2020-05-12T16:31:13Z" description="verify login page title test........" finished-at="2020-05-12T16:31:13Z">
          <reporter-output>
          </reporter-output>
        </test-method> <!-- verifyLoginPageTitleTest -->
        <test-method status="PASS" signature="signUpLinkTest()[pri:2, instance:com.qa.hubspot.tests.LoginPageTest@3ecedf21]" name="signUpLinkTest" duration-ms="177" started-at="2020-05-12T16:31:13Z" finished-at="2020-05-12T16:31:13Z">
          <reporter-output>
          </reporter-output>
        </test-method> <!-- signUpLinkTest -->
        <test-method status="PASS" signature="loginTest()[pri:3, instance:com.qa.hubspot.tests.LoginPageTest@3ecedf21]" name="loginTest" duration-ms="5853" started-at="2020-05-12T16:31:13Z" finished-at="2020-05-12T16:31:19Z">
          <reporter-output>
          </reporter-output>
        </test-method> <!-- loginTest -->
      </class> <!-- com.qa.hubspot.tests.LoginPageTest -->
      <class name="com.qa.hubspot.tests.HomePageTest">
        <test-method status="PASS" signature="setUp()[pri:0, instance:com.qa.hubspot.tests.HomePageTest@74cf8b28]" name="setUp" is-config="true" duration-ms="14560" started-at="2020-05-12T16:30:46Z" finished-at="2020-05-12T16:31:01Z">
          <reporter-output>
          </reporter-output>
        </test-method> <!-- setUp -->
        <test-method status="PASS" signature="setUp(java.lang.String)[pri:0, instance:com.qa.hubspot.tests.LoginPageTest@3ecedf21]" name="setUp" is-config="true" duration-ms="6371" started-at="2020-05-12T16:31:01Z" finished-at="2020-05-12T16:31:07Z">
          <params>
            <param index="0">
              <value>
                <![CDATA[chrome]]>
              </value>
            </param>
          </params>
          <reporter-output>
          </reporter-output>
        </test-method> <!-- setUp -->
        <test-method status="PASS" signature="verifyHomePageTitleTest()[pri:1, instance:com.qa.hubspot.tests.HomePageTest@74cf8b28]" name="verifyHomePageTitleTest" duration-ms="40" started-at="2020-05-12T16:31:13Z" finished-at="2020-05-12T16:31:13Z">
          <reporter-output>
          </reporter-output>
        </test-method> <!-- verifyHomePageTitleTest -->
        <test-method status="PASS" signature="verifyHomePageHeaderTest()[pri:2, instance:com.qa.hubspot.tests.HomePageTest@74cf8b28]" name="verifyHomePageHeaderTest" duration-ms="190" started-at="2020-05-12T16:31:13Z" finished-at="2020-05-12T16:31:13Z">
          <reporter-output>
          </reporter-output>
        </test-method> <!-- verifyHomePageHeaderTest -->
        <test-method status="PASS" signature="getLoggedInUserTest()[pri:3, instance:com.qa.hubspot.tests.HomePageTest@74cf8b28]" name="getLoggedInUserTest" duration-ms="294" started-at="2020-05-12T16:31:13Z" finished-at="2020-05-12T16:31:14Z">
          <reporter-output>
          </reporter-output>
        </test-method> <!-- getLoggedInUserTest -->
        <test-method status="PASS" signature="tearDown()[pri:0, instance:com.qa.hubspot.tests.HomePageTest@74cf8b28]" name="tearDown" is-config="true" duration-ms="672" started-at="2020-05-12T16:31:19Z" finished-at="2020-05-12T16:31:20Z">
          <reporter-output>
          </reporter-output>
        </test-method> <!-- tearDown -->
        <test-method status="PASS" signature="tearDown()[pri:0, instance:com.qa.hubspot.tests.LoginPageTest@3ecedf21]" name="tearDown" is-config="true" duration-ms="674" started-at="2020-05-12T16:31:20Z" finished-at="2020-05-12T16:31:21Z">
          <reporter-output>
          </reporter-output>
        </test-method> <!-- tearDown -->
      </class> <!-- com.qa.hubspot.tests.HomePageTest -->
    </test> <!-- Hub Spot Functional Regression Test - chrome -->
    <test name="Hub Spot Functional Regression Test - FF" duration-ms="35069" started-at="2020-05-12T16:30:46Z" finished-at="2020-05-12T16:31:21Z">
      <class name="com.qa.hubspot.tests.LoginPageTest">
        <test-method status="PASS" signature="verifyForgotPasswordLinkText()[pri:0, instance:com.qa.hubspot.tests.LoginPageTest@2392212b]" name="verifyForgotPasswordLinkText" duration-ms="5070" started-at="2020-05-12T16:31:07Z" finished-at="2020-05-12T16:31:12Z">
          <reporter-output>
          </reporter-output>
        </test-method> <!-- verifyForgotPasswordLinkText -->
        <test-method status="PASS" signature="verifyShowPassowordLinkText()[pri:0, instance:com.qa.hubspot.tests.LoginPageTest@2392212b]" name="verifyShowPassowordLinkText" duration-ms="5116" started-at="2020-05-12T16:31:07Z" finished-at="2020-05-12T16:31:12Z">
          <reporter-output>
          </reporter-output>
        </test-method> <!-- verifyShowPassowordLinkText -->
        <test-method status="PASS" signature="verifyLoginPageTitleTest()[pri:1, instance:com.qa.hubspot.tests.LoginPageTest@2392212b]" name="verifyLoginPageTitleTest" duration-ms="21" started-at="2020-05-12T16:31:12Z" description="verify login page title test........" finished-at="2020-05-12T16:31:12Z">
          <reporter-output>
          </reporter-output>
        </test-method> <!-- verifyLoginPageTitleTest -->
        <test-method status="PASS" signature="signUpLinkTest()[pri:2, instance:com.qa.hubspot.tests.LoginPageTest@2392212b]" name="signUpLinkTest" duration-ms="307" started-at="2020-05-12T16:31:13Z" finished-at="2020-05-12T16:31:13Z">
          <reporter-output>
          </reporter-output>
        </test-method> <!-- signUpLinkTest -->
        <test-method status="PASS" signature="loginTest()[pri:3, instance:com.qa.hubspot.tests.LoginPageTest@2392212b]" name="loginTest" duration-ms="4992" started-at="2020-05-12T16:31:13Z" finished-at="2020-05-12T16:31:18Z">
          <reporter-output>
          </reporter-output>
        </test-method> <!-- loginTest -->
      </class> <!-- com.qa.hubspot.tests.LoginPageTest -->
      <class name="com.qa.hubspot.tests.HomePageTest">
        <test-method status="PASS" signature="setUp()[pri:0, instance:com.qa.hubspot.tests.HomePageTest@5b43e173]" name="setUp" is-config="true" duration-ms="14341" started-at="2020-05-12T16:30:46Z" finished-at="2020-05-12T16:31:01Z">
          <reporter-output>
          </reporter-output>
        </test-method> <!-- setUp -->
        <test-method status="PASS" signature="setUp(java.lang.String)[pri:0, instance:com.qa.hubspot.tests.LoginPageTest@2392212b]" name="setUp" is-config="true" duration-ms="6770" started-at="2020-05-12T16:31:01Z" finished-at="2020-05-12T16:31:07Z">
          <params>
            <param index="0">
              <value>
                <![CDATA[firefox]]>
              </value>
            </param>
          </params>
          <reporter-output>
          </reporter-output>
        </test-method> <!-- setUp -->
        <test-method status="PASS" signature="verifyHomePageTitleTest()[pri:1, instance:com.qa.hubspot.tests.HomePageTest@5b43e173]" name="verifyHomePageTitleTest" duration-ms="111" started-at="2020-05-12T16:31:12Z" finished-at="2020-05-12T16:31:13Z">
          <reporter-output>
          </reporter-output>
        </test-method> <!-- verifyHomePageTitleTest -->
        <test-method status="PASS" signature="verifyHomePageHeaderTest()[pri:2, instance:com.qa.hubspot.tests.HomePageTest@5b43e173]" name="verifyHomePageHeaderTest" duration-ms="270" started-at="2020-05-12T16:31:13Z" finished-at="2020-05-12T16:31:13Z">
          <reporter-output>
          </reporter-output>
        </test-method> <!-- verifyHomePageHeaderTest -->
        <test-method status="PASS" signature="getLoggedInUserTest()[pri:3, instance:com.qa.hubspot.tests.HomePageTest@5b43e173]" name="getLoggedInUserTest" duration-ms="407" started-at="2020-05-12T16:31:13Z" finished-at="2020-05-12T16:31:13Z">
          <reporter-output>
          </reporter-output>
        </test-method> <!-- getLoggedInUserTest -->
        <test-method status="PASS" signature="tearDown()[pri:0, instance:com.qa.hubspot.tests.HomePageTest@5b43e173]" name="tearDown" is-config="true" duration-ms="730" started-at="2020-05-12T16:31:18Z" finished-at="2020-05-12T16:31:19Z">
          <reporter-output>
          </reporter-output>
        </test-method> <!-- tearDown -->
        <test-method status="PASS" signature="tearDown()[pri:0, instance:com.qa.hubspot.tests.LoginPageTest@2392212b]" name="tearDown" is-config="true" duration-ms="2359" started-at="2020-05-12T16:31:19Z" finished-at="2020-05-12T16:31:21Z">
          <reporter-output>
          </reporter-output>
        </test-method> <!-- tearDown -->
      </class> <!-- com.qa.hubspot.tests.HomePageTest -->
    </test> <!-- Hub Spot Functional Regression Test - FF -->
  </suite> <!-- Hub Spot Regression Suite -->
</testng-results>
